#
# A fatal error has been detected by the Java Runtime Environment:
#
#  EXCEPTION_ACCESS_VIOLATION (0xc0000005) at pc=0x00007ffeab8626c4, pid=31688, tid=23216
#
# JRE version: OpenJDK Runtime Environment (24.0.1+9) (build 24.0.1+9-30)
# Java VM: OpenJDK 64-Bit Server VM (24.0.1+9-30, mixed mode, emulated-client, sharing, tiered, compressed oops, compressed class ptrs, g1 gc, windows-amd64)
# Problematic frame:
# C  [libasyncProfiler.dll+0x926c4]
#
# No core dump will be written. Minidumps are not enabled by default on client versions of Windows
#
# JFR recording file will be written. Location: C:\Users\vssor\Dropbox\Skole\KEA\Datamatiker\Semester 2\Eksamen\BilAbonnement\hs_err_pid31688.jfr
#
# If you would like to submit a bug report, please visit:
#   https://bugreport.java.com/bugreport/crash.jsp
# The crash happened outside the Java Virtual Machine in native code.
# See problematic frame for where to report the bug.
#

---------------  S U M M A R Y ------------

Command Line: -XX:TieredStopAtLevel=1 -Dspring.output.ansi.enabled=always -Dcom.sun.management.jmxremote -Dspring.jmx.enabled=true -Dspring.liveBeansView.mbeanDomain -Dspring.application.admin.enabled=true -Dmanagement.endpoints.jmx.exposure.include=* -javaagent:C:\Users\vssor\AppData\Local\JetBrains\IntelliJ IDEA 2025.1\lib\idea_rt.jar=63090 -Dfile.encoding=UTF-8 -Dsun.stdout.encoding=UTF-8 -Dsun.stderr.encoding=UTF-8 org.example.bilabonnement.BilAbonnementApplication

Host: 12th Gen Intel(R) Core(TM) i5-12500H, 16 cores, 15G,  Windows 11 , 64 bit Build 26100 (10.0.26100.3775)
Time: Tue May 13 11:43:47 2025 Romance Daylight Time elapsed time: 803.506183 seconds (0d 0h 13m 23s)

---------------  T H R E A D  ---------------

Current thread (0x000002359e4f7170):  JavaThread "Attach Listener" daemon [_thread_in_native, id=23216, stack(0x000000bf4e300000,0x000000bf4e400000) (1024K)]

Stack: [0x000000bf4e300000,0x000000bf4e400000],  sp=0x000000bf4e3ff320,  free space=1020k
Native frames: (J=compiled Java code, j=interpreted, Vv=VM code, C=native code)
C  [libasyncProfiler.dll+0x926c4]  (no source info available)
C  [libasyncProfiler.dll+0x92b9b]  (no source info available)
C  [libasyncProfiler.dll+0x917f4]  (no source info available)
C  [libasyncProfiler.dll+0x9206a]  (no source info available)
C  [libasyncProfiler.dll+0x8cc21]  (no source info available)
C  [libasyncProfiler.dll+0x7e5e1]  (no source info available)
C  [libasyncProfiler.dll+0x7d2f8]  (no source info available)
C  [libasyncProfiler.dll+0x7d1e0]  (no source info available)
C  [libasyncProfiler.dll+0x841b9]  (no source info available)
V  [jvm.dll+0x57eff7]  (no source info available)
V  [jvm.dll+0x57fdac]  (no source info available)
V  [jvm.dll+0x14ca17]  (no source info available)
V  [jvm.dll+0x14dfe1]  (no source info available)
V  [jvm.dll+0x42f456]  (no source info available)
V  [jvm.dll+0x87d76b]  (no source info available)
V  [jvm.dll+0x72ee55]  (no source info available)
C  [ucrtbase.dll+0x37b0]  (no source info available)
C  [KERNEL32.DLL+0x2e8d7]  (no source info available)
C  [ntdll.dll+0xb14fc]  (no source info available)


siginfo: EXCEPTION_ACCESS_VIOLATION (0xc0000005), reading address 0xffffffffffffffff


Registers:
RAX=0x0000000000000010, RBX=0x0000000000000000, RCX=0xffffffffffffffff, RDX=0x007ffe89ab300010
RSP=0x000000bf4e3ff320, RBP=0x00000235e4115770, RSI=0x000000bf4e3ff490, RDI=0x00000235e4115770
R8 =0x0000000000000042, R9 =0x0000000704600000, R10=0x00007ffe89d29fb0, R11=0x0000000000000022
R12=0x000000bf4e3ff490, R13=0x000002359ea31eb0, R14=0x000002359e4f7538, R15=0x000002359e4f7538
RIP=0x00007ffeab8626c4, EFLAGS=0x0000000000010202

XMM[0]=0x0000000000000000 0x0000000000000000
XMM[1]=0x0000000000000000 0x0000000000000000
XMM[2]=0x0000000000000000 0x0000000000000000
XMM[3]=0x0000000000000000 0x0000000000000000
XMM[4]=0x0000000000000000 0x0000000000000000
XMM[5]=0x0000000000000000 0x0000000000000000
XMM[6]=0x0000000000000000 0x0000000000000000
XMM[7]=0x0000000000000000 0x0000000000000000
XMM[8]=0x0000000000000000 0x0000000000000000
XMM[9]=0x0000000000000000 0x0000000000000000
XMM[10]=0x0000000000000000 0x0000000000000000
XMM[11]=0x0000000000000000 0x0000000000000000
XMM[12]=0x0000000000000000 0x0000000000000000
XMM[13]=0x0000000000000000 0x0000000000000000
XMM[14]=0x0000000000000000 0x0000000000000000
XMM[15]=0x0000000000000000 0x0000000000000000
  MXCSR=0x00001fa0


Register to memory mapping:

RAX=0x0000000000000010 is an unknown value
RBX=0x0 is null
RCX=0xffffffffffffffff is an unknown value
RDX=0x007ffe89ab300010 is an unknown value
RSP=0x000000bf4e3ff320 is pointing into the stack for thread: 0x000002359e4f7170
RBP=0x00000235e4115770 points into unknown readable memory: 0x0000000704600000 | 00 00 60 04 07 00 00 00
RSI=0x000000bf4e3ff490 is pointing into the stack for thread: 0x000002359e4f7170
RDI=0x00000235e4115770 points into unknown readable memory: 0x0000000704600000 | 00 00 60 04 07 00 00 00
R8 =0x0000000000000042 is an unknown value
R9 =0x0000000704600000 is an oop: java.lang.ref.Reference$ReferenceHandler 
{0x0000000704600000} - klass: 'java/lang/ref/Reference$ReferenceHandler' - flags: 

 - ---- fields (total size 14 words):
 - 'threadLocalRandomProbe' 'I' @12  0 (0x00000000)
 - private volatile 'eetop' 'J' @16  2429312523184 (0x000002359e4f5bb0)
 - private final 'tid' 'J' @24  15 (0x000000000000000f)
 - 'threadLocalRandomSeed' 'J' @32  0 (0x0000000000000000)
 - injected 'jvmti_thread_state' 'J' @40  2430505645280 (0x00000235e56cf4e0)
 - 'threadLocalRandomSecondarySeed' 'I' @48  0 (0x00000000)
 - injected 'jvmti_VTMS_transition_disable_count' 'I' @52  0 (0x00000000)
 - injected 'jfr_epoch' 'S' @56  0 (0x0000)
 - volatile 'interrupted' 'Z' @58  false (0x00)
 - injected 'jvmti_is_in_VTMS_transition' 'Z' @59  false (0x00)
 - private volatile 'name' 'Ljava/lang/String;' @60  "Reference Handler"{0x0000000704940688} (0xe09280d1)
 - private volatile 'contextClassLoader' 'Ljava/lang/ClassLoader;' @64  null (0x00000000)
 - private final 'holder' 'Ljava/lang/Thread$FieldHolder;' @68  a 'java/lang/Thread$FieldHolder'{0x0000000704cfebf0} (0xe099fd7e)
 - 'threadLocals' 'Ljava/lang/ThreadLocal$ThreadLocalMap;' @72  null (0x00000000)
 - 'inheritableThreadLocals' 'Ljava/lang/ThreadLocal$ThreadLocalMap;' @76  null (0x00000000)
 - private 'scopedValueBindings' 'Ljava/lang/Object;' @80  a 'java/lang/Class'{0x0000000704600450} = 'java/lang/Thread' (0xe08c008a)
 - final 'interruptLock' 'Ljava/lang/Object;' @84  a 'java/lang/Object'{0x0000000704cfec18} (0xe099fd83)
 - private volatile 'parkBlocker' 'Ljava/lang/Object;' @88  null (0x00000000)
 - private 'nioBlocker' 'Lsun/nio/ch/Interruptible;' @92  null (0x00000000)
 - private 'cont' 'Ljdk/internal/vm/Continuation;' @96  null (0x00000000)
 - private volatile 'uncaughtExceptionHandler' 'Ljava/lang/Thread$UncaughtExceptionHandler;' @100  null (0x00000000)
 - private 'container' 'Ljdk/internal/vm/ThreadContainer;' @104  null (0x00000000)
 - private volatile 'headStackableScopes' 'Ljdk/internal/vm/StackableScope;' @108  null (0x00000000)
R10=0x00007ffe89d29fb0 jvm.dll
R11=0x0000000000000022 is an unknown value
R12=0x000000bf4e3ff490 is pointing into the stack for thread: 0x000002359e4f7170
R13=0x000002359ea31eb0 points into unknown readable memory: 0x00007ffe89c9a510 | 10 a5 c9 89 fe 7f 00 00
R14=0x000002359e4f7538 points into unknown readable memory: 0x00007ffe89c917b0 | b0 17 c9 89 fe 7f 00 00
R15=0x000002359e4f7538 points into unknown readable memory: 0x00007ffe89c917b0 | b0 17 c9 89 fe 7f 00 00

Top of Stack: (sp=0x000000bf4e3ff320)
0x000000bf4e3ff320:   000000bf4e3ff490 00000235e4115770   ..?N....pW..5...
0x000000bf4e3ff330:   0000000000000000 000002359e394bd0   .........K9.5...
0x000000bf4e3ff340:   000000000000003b 00007ffeab862b9b   ;........+......
0x000000bf4e3ff350:   0000000000000000 000002359e4f7538   ........8uO.5...
0x000000bf4e3ff360:   000000bf4e3ff401 0000000000000000   ..?N............
0x000000bf4e3ff370:   00000235e40e02d0 00007ffeab8617f4   ....5...........
0x000000bf4e3ff380:   0000000000000000 000000000000003b   ........;.......
0x000000bf4e3ff390:   0000000000000000 000000000000003b   ........;.......
0x000000bf4e3ff3a0:   0000001fe4500a08 00000235e7683800   ..P......8h.5...
0x000000bf4e3ff3b0:   00000235e40e02d0 00000235e40e03bc   ....5.......5...
0x000000bf4e3ff3c0:   00000235e40e03cc 0000000000007d1c   ....5....}......
0x000000bf4e3ff3d0:   0000000000000000 0000000000000000   ................
0x000000bf4e3ff3e0:   0000000000000000 00007ffe894f57d4   .........WO.....
0x000000bf4e3ff3f0:   00007ffeab9a4ca0 0000000000007bc8   .L.......{......
0x000000bf4e3ff400:   00007ffeab9a4ca0 00000000ffffffff   .L..............
0x000000bf4e3ff410:   0000000000000000 00007ffeab86206a   ........j ......
0x000000bf4e3ff420:   000002359e4f7538 0000000000000000   8uO.5...........
0x000000bf4e3ff430:   000000bf4e3ff499 000002359ea31eb0   ..?N........5...
0x000000bf4e3ff440:   0000000000000004 0000000000000048   ........H.......
0x000000bf4e3ff450:   0000000800800310 0000000000000020   ........ .......
0x000000bf4e3ff460:   000002359e4f7538 00007ffeab9a4ca0   8uO.5....L......
0x000000bf4e3ff470:   000002359e39ec20 00000235e56cf4e0    .9.5.....l.5...
0x000000bf4e3ff480:   0000000800800390 000002359e4f7538   ........8uO.5...
0x000000bf4e3ff490:   00000235e76b6ae0 00000235e76b7240   .jk.5...@rk.5...
0x000000bf4e3ff4a0:   00000235e76b7240 00007ffeab9a4ca0   @rk.5....L......
0x000000bf4e3ff4b0:   00000235e4500a08 000000bf4e3ff628   ..P.5...(.?N....
0x000000bf4e3ff4c0:   000000bf4e3ff760 0000000000008840   `.?N....@.......
0x000000bf4e3ff4d0:   000000bf4e3ff940 00007ffeab9a4cf0   @.?N.....L......
0x000000bf4e3ff4e0:   0000000000989680 0000000000989680   ................
0x000000bf4e3ff4f0:   000000bf4e3ff600 00007ffeab85cc21   ..?N....!.......
0x000000bf4e3ff500:   00007ffeab9a4ca0 00007ffeab9a4cf8   .L.......L......
0x000000bf4e3ff510:   00007ffe00000000 00007ffe00000001   ................

Instructions: (pc=0x00007ffeab8626c4)
  0x00007ffeab8625c4:   cc cc cc cc cc cc cc cc cc cc cc cc cc cc cc cc
  0x00007ffeab8625d4:   cc cc cc cc cc cc cc cc cc cc cc cc cc cc cc cc
  0x00007ffeab8625e4:   cc cc cc cc cc cc cc cc cc cc cc cc cc cc cc cc
  0x00007ffeab8625f4:   cc cc cc cc cc cc cc cc cc cc cc cc cc cc cc cc
  0x00007ffeab862604:   cc cc cc cc cc cc cc cc cc cc cc cc cc cc cc cc
  0x00007ffeab862614:   cc cc cc cc cc cc cc cc cc cc cc cc cc cc cc cc
  0x00007ffeab862624:   cc cc cc cc cc cc cc cc cc cc cc cc cc cc cc cc
  0x00007ffeab862634:   cc cc cc cc cc cc cc cc cc cc cc cc cc cc cc cc
  0x00007ffeab862644:   cc cc cc cc cc cc cc cc cc cc cc cc 40 57 48 83
  0x00007ffeab862654:   ec 20 48 8b f9 48 8b 0d 10 28 14 00 48 85 c9 74
  0x00007ffeab862664:   20 48 8b 01 48 8d 54 24 38 41 b8 06 00 01 00 4c
  0x00007ffeab862674:   8b 48 30 41 ff d1 85 c0 75 07 48 8b 4c 24 38 eb
  0x00007ffeab862684:   02 33 c9 4c 8b 05 ea 28 14 00 48 89 5c 24 30 4d
  0x00007ffeab862694:   85 c0 74 4a 48 8b 01 48 8b d7 4c 8b 88 28 03 00
  0x00007ffeab8626a4:   00 41 ff d1 48 85 c0 74 35 48 63 0d f8 e6 13 00
  0x00007ffeab8626b4:   48 8b 14 01 48 85 d2 74 15 48 63 05 fc e6 13 00
=>0x00007ffeab8626c4:   8b 04 10 48 8b 5c 24 30 48 83 c4 20 5f c3 b8 ff
  0x00007ffeab8626d4:   ff ff ff 48 8b 5c 24 30 48 83 c4 20 5f c3 80 3d
  0x00007ffeab8626e4:   9b 27 14 00 00 bb ff ff ff ff 74 20 4c 8b 0d 31
  0x00007ffeab8626f4:   24 14 00 4c 8d 44 24 38 48 8b 0d 15 24 14 00 48
  0x00007ffeab862704:   8b d7 41 ff d1 85 c0 0f 44 5c 24 38 8b c3 48 8b
  0x00007ffeab862714:   5c 24 30 48 83 c4 20 5f c3 cc cc cc cc cc cc cc
  0x00007ffeab862724:   cc cc cc cc cc cc cc cc cc cc cc cc cc cc cc cc
  0x00007ffeab862734:   cc cc cc cc cc cc cc cc cc cc cc cc cc cc cc cc
  0x00007ffeab862744:   cc cc cc cc cc cc cc cc cc cc cc cc 48 89 54 24
  0x00007ffeab862754:   10 53 55 56 57 41 56 41 57 48 83 ec 28 48 8b f2
  0x00007ffeab862764:   4c 8b f1 48 89 4c 24 78 45 33 ff 44 89 7c 24 68
  0x00007ffeab862774:   c7 44 24 60 01 00 00 00 48 8d 4c 24 68 e8 ed 42
  0x00007ffeab862784:   f7 ff 8b d8 48 8d 4c 24 60 e8 e1 42 f7 ff 8b e8
  0x00007ffeab862794:   49 8b ce e8 00 fc f6 ff 48 8b f8 90 8b c3 f0 0f
  0x00007ffeab8627a4:   b1 2f 74 04 f3 90 eb f4 4c 89 3e 4c 89 7e 08 4c
  0x00007ffeab8627b4:   89 7e 10 49 8b 6e 08 4d 8b 76 10 49 3b ee 0f 84


Stack slot to memory mapping:

stack at sp + 0 slots: 0x000000bf4e3ff490 is pointing into the stack for thread: 0x000002359e4f7170
stack at sp + 1 slots: 0x00000235e4115770 points into unknown readable memory: 0x0000000704600000 | 00 00 60 04 07 00 00 00
stack at sp + 2 slots: 0x0 is null
stack at sp + 3 slots: 0x000002359e394bd0 points into unknown readable memory: 0x6e616c2e6176616a | 6a 61 76 61 2e 6c 61 6e
stack at sp + 4 slots: 0x000000000000003b is an unknown value
stack at sp + 5 slots: 0x00007ffeab862b9b libasyncProfiler.dll
stack at sp + 6 slots: 0x0 is null
stack at sp + 7 slots: 0x000002359e4f7538 points into unknown readable memory: 0x00007ffe89c917b0 | b0 17 c9 89 fe 7f 00 00

Lock stack of current Java thread (top to bottom):


---------------  P R O C E S S  ---------------

Threads class SMR info:
_java_thread_list=0x00000235e41f1090, length=37, elements={
0x000002359e4f5bb0, 0x000002359e4f62f0, 0x000002359e4f6a30, 0x000002359e4f7170,
0x000002359e4f78b0, 0x000002359e4fc130, 0x000002359e4fc870, 0x000002359e867c10,
0x00000235e40040b0, 0x00000235e4004c00, 0x00000235e461cfa0, 0x00000235e46474b0,
0x00000235e4658270, 0x00000235e4b153b0, 0x00000235e4b15b00, 0x00000235e4b16250,
0x00000235e4b12f20, 0x00000235e5486ca0, 0x00000235e5486550, 0x00000235e5488290,
0x00000235e5489fd0, 0x00000235e5487b40, 0x00000235e54889e0, 0x00000235e548a720,
0x00000235e54873f0, 0x00000235e548ae70, 0x00000235e548b5c0, 0x00000235e548bd10,
0x00000235e548c460, 0x00000235e5489130, 0x00000235e548cbb0, 0x00000235e44cadc0,
0x00000235e44cb510, 0x00000235e68ffe60, 0x00000235e69005f0, 0x00000235e6900d80,
0x00000235e44cbc60
}

Java Threads: ( => current thread )
  0x000002359e4f5bb0 JavaThread "Reference Handler"          daemon [_thread_blocked, id=30476, stack(0x000000bf4e000000,0x000000bf4e100000) (1024K)]
  0x000002359e4f62f0 JavaThread "Finalizer"                  daemon [_thread_blocked, id=1468, stack(0x000000bf4e100000,0x000000bf4e200000) (1024K)]
  0x000002359e4f6a30 JavaThread "Signal Dispatcher"          daemon [_thread_blocked, id=21868, stack(0x000000bf4e200000,0x000000bf4e300000) (1024K)]
=>0x000002359e4f7170 JavaThread "Attach Listener"            daemon [_thread_in_native, id=23216, stack(0x000000bf4e300000,0x000000bf4e400000) (1024K)]
  0x000002359e4f78b0 JavaThread "Service Thread"             daemon [_thread_blocked, id=24028, stack(0x000000bf4e400000,0x000000bf4e500000) (1024K)]
  0x000002359e4fc130 JavaThread "Monitor Deflation Thread"   daemon [_thread_blocked, id=20268, stack(0x000000bf4e500000,0x000000bf4e600000) (1024K)]
  0x000002359e4fc870 JavaThread "C1 CompilerThread0"         daemon [_thread_blocked, id=30532, stack(0x000000bf4e600000,0x000000bf4e700000) (1024K)]
  0x000002359e867c10 JavaThread "Common-Cleaner"             daemon [_thread_blocked, id=29076, stack(0x000000bf4e800000,0x000000bf4e900000) (1024K)]
  0x00000235e40040b0 JavaThread "Monitor Ctrl-Break"         daemon [_thread_in_native, id=24832, stack(0x000000bf4ec00000,0x000000bf4ed00000) (1024K)]
  0x00000235e4004c00 JavaThread "Notification Thread"        daemon [_thread_blocked, id=12368, stack(0x000000bf4ed00000,0x000000bf4ee00000) (1024K)]
  0x00000235e461cfa0 JavaThread "RMI TCP Accept-0"           daemon [_thread_in_native, id=23800, stack(0x000000bf4ef00000,0x000000bf4f000000) (1024K)]
  0x00000235e46474b0 JavaThread "RMI Scheduler(0)"           daemon [_thread_blocked, id=28628, stack(0x000000bf4f100000,0x000000bf4f200000) (1024K)]
  0x00000235e4658270 JavaThread "JMX server connection timeout 40" daemon [_thread_blocked, id=29496, stack(0x000000bf4f200000,0x000000bf4f300000) (1024K)]
  0x00000235e4b153b0 JavaThread "Catalina-utility-1"                [_thread_blocked, id=31080, stack(0x000000bf50400000,0x000000bf50500000) (1024K)]
  0x00000235e4b15b00 JavaThread "Catalina-utility-2"                [_thread_blocked, id=2916, stack(0x000000bf50500000,0x000000bf50600000) (1024K)]
  0x00000235e4b16250 JavaThread "container-0"                       [_thread_blocked, id=2912, stack(0x000000bf50600000,0x000000bf50700000) (1024K)]
  0x00000235e4b12f20 JavaThread "mysql-cj-abandoned-connection-cleanup" daemon [_thread_blocked, id=15852, stack(0x000000bf50700000,0x000000bf50800000) (1024K)]
  0x00000235e5486ca0 JavaThread "http-nio-6969-exec-1"       daemon [_thread_blocked, id=24480, stack(0x000000bf50800000,0x000000bf50900000) (1024K)]
  0x00000235e5486550 JavaThread "http-nio-6969-exec-2"       daemon [_thread_blocked, id=15140, stack(0x000000bf50900000,0x000000bf50a00000) (1024K)]
  0x00000235e5488290 JavaThread "http-nio-6969-exec-3"       daemon [_thread_blocked, id=21936, stack(0x000000bf50a00000,0x000000bf50b00000) (1024K)]
  0x00000235e5489fd0 JavaThread "http-nio-6969-exec-4"       daemon [_thread_blocked, id=30660, stack(0x000000bf50b00000,0x000000bf50c00000) (1024K)]
  0x00000235e5487b40 JavaThread "http-nio-6969-exec-5"       daemon [_thread_blocked, id=31460, stack(0x000000bf50c00000,0x000000bf50d00000) (1024K)]
  0x00000235e54889e0 JavaThread "http-nio-6969-exec-6"       daemon [_thread_blocked, id=31956, stack(0x000000bf50d00000,0x000000bf50e00000) (1024K)]
  0x00000235e548a720 JavaThread "http-nio-6969-exec-7"       daemon [_thread_blocked, id=9008, stack(0x000000bf50e00000,0x000000bf50f00000) (1024K)]
  0x00000235e54873f0 JavaThread "http-nio-6969-exec-8"       daemon [_thread_blocked, id=12492, stack(0x000000bf50f00000,0x000000bf51000000) (1024K)]
  0x00000235e548ae70 JavaThread "http-nio-6969-exec-9"       daemon [_thread_blocked, id=24540, stack(0x000000bf51000000,0x000000bf51100000) (1024K)]
  0x00000235e548b5c0 JavaThread "http-nio-6969-exec-10"      daemon [_thread_blocked, id=4060, stack(0x000000bf51100000,0x000000bf51200000) (1024K)]
  0x00000235e548bd10 JavaThread "http-nio-6969-Poller"       daemon [_thread_in_native, id=13476, stack(0x000000bf51200000,0x000000bf51300000) (1024K)]
  0x00000235e548c460 JavaThread "http-nio-6969-Acceptor"     daemon [_thread_in_native, id=5152, stack(0x000000bf51300000,0x000000bf51400000) (1024K)]
  0x00000235e5489130 JavaThread "DestroyJavaVM"                     [_thread_blocked, id=27880, stack(0x000000bf4d800000,0x000000bf4d900000) (1024K)]
  0x00000235e548cbb0 JavaThread "HikariPool-1 housekeeper"   daemon [_thread_blocked, id=32596, stack(0x000000bf51500000,0x000000bf51600000) (1024K)]
  0x00000235e44cadc0 JavaThread "RMI TCP Connection(3)-192.168.204.124" daemon [_thread_in_native, id=11424, stack(0x000000bf4e700000,0x000000bf4e800000) (1024K)]
  0x00000235e44cb510 JavaThread "JFR Recorder Thread"        daemon [_thread_in_native, id=19608, stack(0x000000bf4d500000,0x000000bf4d600000) (1024K)]
  0x00000235e68ffe60 JavaThread "C1 CompilerThread1"         daemon [_thread_blocked, id=27888, stack(0x000000bf4d600000,0x000000bf4d700000) (1024K)]
  0x00000235e69005f0 JavaThread "C1 CompilerThread2"         daemon [_thread_blocked, id=1760, stack(0x000000bf4d700000,0x000000bf4d800000) (1024K)]
  0x00000235e6900d80 JavaThread "C1 CompilerThread3"         daemon [_thread_blocked, id=15552, stack(0x000000bf4e900000,0x000000bf4ea00000) (1024K)]
  0x00000235e44cbc60 JavaThread "JFR Periodic Tasks"         daemon [_thread_blocked, id=32028, stack(0x000000bf4ea00000,0x000000bf4eb00000) (1024K)]
Total: 37

Other Threads:
  0x000002359e3a0d70 VMThread "VM Thread"                           [id=21240, stack(0x000000bf4df00000,0x000000bf4e000000) (1024K)]
  0x000002359e4dbb30 WatcherThread "VM Periodic Task Thread"        [id=32040, stack(0x000000bf4de00000,0x000000bf4df00000) (1024K)]
  0x000002358a70d130 WorkerThread "GC Thread#0"                     [id=21912, stack(0x000000bf4d900000,0x000000bf4da00000) (1024K)]
  0x00000235e495b840 WorkerThread "GC Thread#1"                     [id=28476, stack(0x000000bf4f400000,0x000000bf4f500000) (1024K)]
  0x00000235e495ad30 WorkerThread "GC Thread#2"                     [id=5588, stack(0x000000bf4f500000,0x000000bf4f600000) (1024K)]
  0x00000235e495b0e0 WorkerThread "GC Thread#3"                     [id=32280, stack(0x000000bf4f600000,0x000000bf4f700000) (1024K)]
  0x00000235e495b490 WorkerThread "GC Thread#4"                     [id=29984, stack(0x000000bf4f700000,0x000000bf4f800000) (1024K)]
  0x00000235e495a5d0 WorkerThread "GC Thread#5"                     [id=12516, stack(0x000000bf4f800000,0x000000bf4f900000) (1024K)]
  0x00000235e4d54f70 WorkerThread "GC Thread#6"                     [id=24856, stack(0x000000bf4f900000,0x000000bf4fa00000) (1024K)]
  0x00000235e4d52e40 WorkerThread "GC Thread#7"                     [id=13764, stack(0x000000bf4fd00000,0x000000bf4fe00000) (1024K)]
  0x00000235e4d51820 WorkerThread "GC Thread#8"                     [id=28728, stack(0x000000bf50000000,0x000000bf50100000) (1024K)]
  0x00000235e4d52a90 WorkerThread "GC Thread#9"                     [id=16288, stack(0x000000bf4f300000,0x000000bf4f400000) (1024K)]
  0x00000235e4d54bc0 WorkerThread "GC Thread#10"                    [id=31012, stack(0x000000bf50100000,0x000000bf50200000) (1024K)]
  0x00000235e4d51f80 WorkerThread "GC Thread#11"                    [id=26116, stack(0x000000bf50200000,0x000000bf50300000) (1024K)]
  0x00000235e4d526e0 WorkerThread "GC Thread#12"                    [id=28468, stack(0x000000bf50300000,0x000000bf50400000) (1024K)]
  0x000002358a722350 ConcurrentGCThread "G1 Main Marker"            [id=30792, stack(0x000000bf4da00000,0x000000bf4db00000) (1024K)]
  0x000002358a7230f0 WorkerThread "G1 Conc#0"                       [id=24384, stack(0x000000bf4db00000,0x000000bf4dc00000) (1024K)]
  0x00000235e4d55320 WorkerThread "G1 Conc#1"                       [id=30184, stack(0x000000bf4fe00000,0x000000bf4ff00000) (1024K)]
  0x00000235e4d51bd0 WorkerThread "G1 Conc#2"                       [id=5324, stack(0x000000bf4ff00000,0x000000bf50000000) (1024K)]
  0x000002359e393b60 ConcurrentGCThread "G1 Refine#0"               [id=16192, stack(0x000000bf4dc00000,0x000000bf4dd00000) (1024K)]
  0x000002359e397fc0 ConcurrentGCThread "G1 Service"                [id=21408, stack(0x000000bf4dd00000,0x000000bf4de00000) (1024K)]
Total: 21

Threads with active compile tasks:
Total: 0

VM state: not at safepoint (normal execution)

VM Mutex/Monitor currently owned by a thread: None

Heap address: 0x0000000704400000, size: 4028 MB, Compressed Oops mode: Zero based, Oop shift amount: 3

CDS archive(s) mapped at: [0x000002359f000000-0x000002359fd40000-0x000002359fd40000), size 13893632, SharedBaseAddress: 0x000002359f000000, ArchiveRelocationMode: 1.
Compressed class space mapped at: 0x00000235a0000000-0x00000235e0000000, reserved size: 1073741824
UseCompressedClassPointers 1, UseCompactObjectHeaders 0
Narrow klass pointer bits 32, Max shift 3
Narrow klass base: 0x000002359f000000, Narrow klass shift: 0
Encoding Range: [0x000002359f000000 - 0x000002369f000000), (4294967296 bytes)
Klass Range:    [0x000002359f000000 - 0x00000235e0000000), (1090519040 bytes)
Klass ID Range:  [8 - 1090519033) (1090519025)

GC Precious Log:
 CardTable entry size: 512
 Card Set container configuration: InlinePtr #cards 4 size 8 Array Of Cards #cards 16 size 48 Howl #buckets 8 coarsen threshold 3686 Howl Bitmap #cards 512 size 80 coarsen threshold 460 Card regions per heap region 1 cards per card region 4096
 CPUs: 16 total, 16 available
 Memory: 16108M
 Large Page Support: Disabled
 NUMA Support: Disabled
 Compressed Oops: Enabled (Zero based)
 Heap Region Size: 2M
 Heap Min Capacity: 8M
 Heap Initial Capacity: 252M
 Heap Max Capacity: 4028M
 Pre-touch: Disabled
 Parallel Workers: 13
 Concurrent Workers: 3
 Concurrent Refinement Workers: 13
 Periodic GC: Disabled

Heap:
 garbage-first heap   total reserved 4124672K, committed 75776K, used 38354K [0x0000000704400000, 0x0000000800000000)
  region size 2048K, 11 young (22528K), 3 survivors (6144K)
 Metaspace       used 42971K, committed 43520K, reserved 1114112K
  class space    used 4827K, committed 5056K, reserved 1048576K

Heap Regions: E=young(eden), S=young(survivor), O=old, HS=humongous(starts), HC=humongous(continues), CS=collection set, F=free, TAMS=top-at-mark-start, PB=parsable bottom
|   0|0x0000000704400000, 0x00000007044d8010, 0x0000000704600000| 42%| O|  |TAMS 0x0000000704400000| PB 0x0000000704400000| Untracked |  0
|   1|0x0000000704600000, 0x0000000704800000, 0x0000000704800000|100%| O|  |TAMS 0x0000000704600000| PB 0x0000000704600000| Untracked |  0
|   2|0x0000000704800000, 0x0000000704a00000, 0x0000000704a00000|100%| O|  |TAMS 0x0000000704800000| PB 0x0000000704800000| Untracked |  0
|   3|0x0000000704a00000, 0x0000000704c00000, 0x0000000704c00000|100%| O|  |TAMS 0x0000000704a00000| PB 0x0000000704a00000| Untracked |  0
|   4|0x0000000704c00000, 0x0000000704e00000, 0x0000000704e00000|100%| O|  |TAMS 0x0000000704c00000| PB 0x0000000704c00000| Untracked |  0
|   5|0x0000000704e00000, 0x0000000705000000, 0x0000000705000000|100%| O|Cm|TAMS 0x0000000704e00000| PB 0x0000000704e00000| Complete |  0
|   6|0x0000000705000000, 0x0000000705200000, 0x0000000705200000|100%| O|  |TAMS 0x0000000705000000| PB 0x0000000705000000| Untracked |  0
|   7|0x0000000705200000, 0x0000000705400000, 0x0000000705400000|100%| O|  |TAMS 0x0000000705200000| PB 0x0000000705200000| Untracked |  0
|   8|0x0000000705400000, 0x0000000705600000, 0x0000000705600000|100%| O|  |TAMS 0x0000000705400000| PB 0x0000000705400000| Untracked |  0
|   9|0x0000000705600000, 0x00000007057c04f8, 0x0000000705800000| 87%| O|  |TAMS 0x0000000705600000| PB 0x0000000705600000| Untracked |  0
|  10|0x0000000705800000, 0x0000000705800000, 0x0000000705a00000|  0%| F|  |TAMS 0x0000000705800000| PB 0x0000000705800000| Untracked |  0
|  11|0x0000000705a00000, 0x0000000705a00000, 0x0000000705c00000|  0%| F|  |TAMS 0x0000000705a00000| PB 0x0000000705a00000| Untracked |  0
|  12|0x0000000705c00000, 0x0000000705cdc4a8, 0x0000000705e00000| 43%| S|CS|TAMS 0x0000000705c00000| PB 0x0000000705c00000| Complete |  0
|  13|0x0000000705e00000, 0x0000000706000000, 0x0000000706000000|100%| S|CS|TAMS 0x0000000705e00000| PB 0x0000000705e00000| Complete |  0
|  14|0x0000000706000000, 0x0000000706200000, 0x0000000706200000|100%| S|CS|TAMS 0x0000000706000000| PB 0x0000000706000000| Complete |  0
|  15|0x0000000706200000, 0x0000000706200000, 0x0000000706400000|  0%| F|  |TAMS 0x0000000706200000| PB 0x0000000706200000| Untracked |  0
|  16|0x0000000706400000, 0x0000000706400000, 0x0000000706600000|  0%| F|  |TAMS 0x0000000706400000| PB 0x0000000706400000| Untracked |  0
|  17|0x0000000706600000, 0x0000000706600000, 0x0000000706800000|  0%| F|  |TAMS 0x0000000706600000| PB 0x0000000706600000| Untracked |  0
|  18|0x0000000706800000, 0x0000000706800000, 0x0000000706a00000|  0%| F|  |TAMS 0x0000000706800000| PB 0x0000000706800000| Untracked |  0
|  19|0x0000000706a00000, 0x0000000706a00000, 0x0000000706c00000|  0%| F|  |TAMS 0x0000000706a00000| PB 0x0000000706a00000| Untracked |  0
|  20|0x0000000706c00000, 0x0000000706c00000, 0x0000000706e00000|  0%| F|  |TAMS 0x0000000706c00000| PB 0x0000000706c00000| Untracked |  0
|  21|0x0000000706e00000, 0x0000000706e00000, 0x0000000707000000|  0%| F|  |TAMS 0x0000000706e00000| PB 0x0000000706e00000| Untracked |  0
|  22|0x0000000707000000, 0x0000000707000000, 0x0000000707200000|  0%| F|  |TAMS 0x0000000707000000| PB 0x0000000707000000| Untracked |  0
|  23|0x0000000707200000, 0x0000000707200000, 0x0000000707400000|  0%| F|  |TAMS 0x0000000707200000| PB 0x0000000707200000| Untracked |  0
|  24|0x0000000707400000, 0x0000000707400000, 0x0000000707600000|  0%| F|  |TAMS 0x0000000707400000| PB 0x0000000707400000| Untracked |  0
|  25|0x0000000707600000, 0x0000000707600000, 0x0000000707800000|  0%| F|  |TAMS 0x0000000707600000| PB 0x0000000707600000| Untracked |  0
|  26|0x0000000707800000, 0x0000000707800000, 0x0000000707a00000|  0%| F|  |TAMS 0x0000000707800000| PB 0x0000000707800000| Untracked |  0
|  27|0x0000000707a00000, 0x0000000707a00000, 0x0000000707c00000|  0%| F|  |TAMS 0x0000000707a00000| PB 0x0000000707a00000| Untracked |  0
|  28|0x0000000707c00000, 0x0000000707c00000, 0x0000000707e00000|  0%| F|  |TAMS 0x0000000707c00000| PB 0x0000000707c00000| Untracked |  0
|  29|0x0000000707e00000, 0x0000000707e3f3e0, 0x0000000708000000| 12%| E|  |TAMS 0x0000000707e00000| PB 0x0000000707e00000| Complete |  0
|  30|0x0000000708000000, 0x0000000708200000, 0x0000000708200000|100%| E|CS|TAMS 0x0000000708000000| PB 0x0000000708000000| Complete |  0
|  31|0x0000000708200000, 0x0000000708400000, 0x0000000708400000|100%| E|CS|TAMS 0x0000000708200000| PB 0x0000000708200000| Complete |  0
|  32|0x0000000708400000, 0x0000000708600000, 0x0000000708600000|100%| E|CS|TAMS 0x0000000708400000| PB 0x0000000708400000| Complete |  0
|  69|0x000000070ce00000, 0x000000070d000000, 0x000000070d000000|100%| E|CS|TAMS 0x000000070ce00000| PB 0x000000070ce00000| Complete |  0
| 117|0x0000000712e00000, 0x0000000713000000, 0x0000000713000000|100%| E|CS|TAMS 0x0000000712e00000| PB 0x0000000712e00000| Complete |  0
| 118|0x0000000713000000, 0x0000000713200000, 0x0000000713200000|100%| E|CS|TAMS 0x0000000713000000| PB 0x0000000713000000| Complete |  0
|2013|0x00000007ffe00000, 0x0000000800000000, 0x0000000800000000|100%| E|CS|TAMS 0x00000007ffe00000| PB 0x00000007ffe00000| Complete |  0

Card table byte_map: [0x0000023596fb0000,0x0000023597790000] _byte_map_base: 0x000002359378e000

Marking Bits: (CMBitMap*) 0x000002358a70df60
 Bits: [0x0000023597790000, 0x000002359b680000)

Polling page: 0x0000023589e70000

Metaspace:

Usage:
  Non-class:     37.25 MB used.
      Class:      4.71 MB used.
       Both:     41.96 MB used.

Virtual space:
  Non-class space:       64.00 MB reserved,      37.56 MB ( 59%) committed,  1 nodes.
      Class space:        1.00 GB reserved,       4.94 MB ( <1%) committed,  1 nodes.
             Both:        1.06 GB reserved,      42.50 MB (  4%) committed. 

Chunk freelists:
   Non-Class:  10.16 MB
       Class:  11.02 MB
        Both:  21.19 MB

MaxMetaspaceSize: unlimited
CompressedClassSpaceSize: 1.00 GB
Initial GC threshold: 21.00 MB
Current GC threshold: 63.25 MB
CDS: on
 - commit_granule_bytes: 65536.
 - commit_granule_words: 8192.
 - virtual_space_node_default_size: 8388608.
 - enlarge_chunks_in_place: 1.
UseCompressedClassPointers 1, UseCompactObjectHeaders 0
Narrow klass pointer bits 32, Max shift 3
Narrow klass base: 0x000002359f000000, Narrow klass shift: 0
Encoding Range: [0x000002359f000000 - 0x000002369f000000), (4294967296 bytes)
Klass Range:    [0x000002359f000000 - 0x00000235e0000000), (1090519040 bytes)
Klass ID Range:  [8 - 1090519033) (1090519025)


Internal statistics:

num_allocs_failed_limit: 6.
num_arena_births: 676.
num_arena_deaths: 0.
num_vsnodes_births: 2.
num_vsnodes_deaths: 0.
num_space_committed: 680.
num_space_uncommitted: 0.
num_chunks_returned_to_freelist: 6.
num_chunks_taken_from_freelist: 2034.
num_chunk_merges: 3.
num_chunk_splits: 1422.
num_chunks_enlarged: 1061.
num_inconsistent_stats: 0.

CodeCache: size=49152Kb used=10480Kb max_used=12388Kb free=38671Kb
 bounds [0x0000023592f40000, 0x0000023593b60000, 0x0000023595f40000]
 total_blobs=6862, nmethods=6182, adapters=602, full_count=0
Compilation: enabled, stopped_count=0, restarted_count=0

Compilation events (20 events):
Event: 803.462 Thread 0x000002359e4fc870 6230       1       jdk.jfr.internal.EventControl::getEventType (5 bytes)
Event: 803.462 Thread 0x00000235e69005f0 6231       1       jdk.jfr.internal.EventControl::getSettingsId (5 bytes)
Event: 803.462 Thread 0x00000235e68ffe60 6232       1       jdk.jfr.internal.EventControl::getNamedControls (5 bytes)
Event: 803.462 Thread 0x00000235e6900d80 6233       1       jdk.jfr.internal.PlatformEventType::isEnabled (5 bytes)
Event: 803.462 Thread 0x00000235e69005f0 nmethod 6231 0x0000023593092e88 code [0x0000023593092f80, 0x0000023593093048]
Event: 803.462 Thread 0x00000235e68ffe60 nmethod 6232 0x0000023593092b88 code [0x0000023593092c80, 0x0000023593092d48]
Event: 803.462 Thread 0x000002359e4fc870 nmethod 6230 0x0000023593092888 code [0x0000023593092980, 0x0000023593092a48]
Event: 803.462 Thread 0x00000235e69005f0 6234   !   1       jdk.jfr.internal.Control::setValue (102 bytes)
Event: 803.462 Thread 0x00000235e6900d80 nmethod 6233 0x0000023593092588 code [0x0000023593092680, 0x0000023593092748]
Event: 803.462 Thread 0x00000235e68ffe60 6235       1       jdk.jfr.internal.SettingsManager$InternalSetting::getValues (35 bytes)
Event: 803.462 Thread 0x000002359e4fc870 6236       1       jdk.jfr.internal.Control::apply (10 bytes)
Event: 803.462 Thread 0x00000235e6900d80 6237       1       jdk.jfr.internal.Control::findCombine (121 bytes)
Event: 803.462 Thread 0x00000235e68ffe60 nmethod 6235 0x0000023593092208 code [0x0000023593092340, 0x0000023593092548]
Event: 803.462 Thread 0x000002359e4fc870 nmethod 6236 0x0000023593091f08 code [0x0000023593092020, 0x0000023593092130]
Event: 803.463 Thread 0x00000235e69005f0 nmethod 6234 0x0000023593091608 code [0x0000023593091800, 0x0000023593091e90]
Event: 803.463 Thread 0x00000235e6900d80 nmethod 6237 0x0000023593090c88 code [0x0000023593090e40, 0x00000235930915f0]
Event: 803.466 Thread 0x00000235e6900d80 6238       1       jdk.jfr.internal.periodic.EventTask::getEventType (5 bytes)
Event: 803.466 Thread 0x00000235e6900d80 nmethod 6238 0x0000023593090988 code [0x0000023593090a80, 0x0000023593090b48]
Event: 803.466 Thread 0x00000235e69005f0 6239       1       jdk.jfr.internal.periodic.PeriodicTask::getPeriod (5 bytes)
Event: 803.466 Thread 0x00000235e69005f0 nmethod 6239 0x0000023593090688 code [0x0000023593090780, 0x0000023593090848]

GC Heap History (20 events):
Event: 0.714 GC heap before
{Heap before GC invocations=0 (full 0):
 garbage-first heap   total reserved 4124672K, committed 260096K, used 50288K [0x0000000704400000, 0x0000000800000000)
  region size 2048K, 24 young (49152K), 0 survivors (0K)
 Metaspace       used 10902K, committed 11200K, reserved 1114112K
  class space    used 1296K, committed 1408K, reserved 1048576K
}
Event: 0.719 GC heap after
{Heap after GC invocations=1 (full 0):
 garbage-first heap   total reserved 4124672K, committed 260096K, used 7428K [0x0000000704400000, 0x0000000800000000)
  region size 2048K, 3 young (6144K), 3 survivors (6144K)
 Metaspace       used 10902K, committed 11200K, reserved 1114112K
  class space    used 1296K, committed 1408K, reserved 1048576K
}
Event: 0.775 GC heap before
{Heap before GC invocations=1 (full 0):
 garbage-first heap   total reserved 4124672K, committed 260096K, used 15620K [0x0000000704400000, 0x0000000800000000)
  region size 2048K, 8 young (16384K), 3 survivors (6144K)
 Metaspace       used 13525K, committed 13824K, reserved 1114112K
  class space    used 1485K, committed 1600K, reserved 1048576K
}
Event: 0.778 GC heap after
{Heap after GC invocations=2 (full 0):
 garbage-first heap   total reserved 4124672K, committed 260096K, used 8443K [0x0000000704400000, 0x0000000800000000)
  region size 2048K, 4 young (8192K), 4 survivors (8192K)
 Metaspace       used 13525K, committed 13824K, reserved 1114112K
  class space    used 1485K, committed 1600K, reserved 1048576K
}
Event: 1.007 GC heap before
{Heap before GC invocations=3 (full 0):
 garbage-first heap   total reserved 4124672K, committed 40960K, used 37115K [0x0000000704400000, 0x0000000800000000)
  region size 2048K, 18 young (36864K), 4 survivors (8192K)
 Metaspace       used 18928K, committed 19264K, reserved 1114112K
  class space    used 2093K, committed 2240K, reserved 1048576K
}
Event: 1.012 GC heap after
{Heap after GC invocations=4 (full 0):
 garbage-first heap   total reserved 4124672K, committed 51200K, used 11021K [0x0000000704400000, 0x0000000800000000)
  region size 2048K, 5 young (10240K), 5 survivors (10240K)
 Metaspace       used 18928K, committed 19264K, reserved 1114112K
  class space    used 2093K, committed 2240K, reserved 1048576K
}
Event: 1.158 GC heap before
{Heap before GC invocations=4 (full 0):
 garbage-first heap   total reserved 4124672K, committed 51200K, used 31501K [0x0000000704400000, 0x0000000800000000)
  region size 2048K, 15 young (30720K), 5 survivors (10240K)
 Metaspace       used 20084K, committed 20352K, reserved 1114112K
  class space    used 2245K, committed 2368K, reserved 1048576K
}
Event: 1.164 GC heap after
{Heap after GC invocations=5 (full 0):
 garbage-first heap   total reserved 4124672K, committed 51200K, used 12029K [0x0000000704400000, 0x0000000800000000)
  region size 2048K, 1 young (2048K), 1 survivors (2048K)
 Metaspace       used 20084K, committed 20352K, reserved 1114112K
  class space    used 2245K, committed 2368K, reserved 1048576K
}
Event: 1.360 GC heap before
{Heap before GC invocations=5 (full 0):
 garbage-first heap   total reserved 4124672K, committed 51200K, used 30461K [0x0000000704400000, 0x0000000800000000)
  region size 2048K, 11 young (22528K), 1 survivors (2048K)
 Metaspace       used 22773K, committed 23040K, reserved 1114112K
  class space    used 2573K, committed 2688K, reserved 1048576K
}
Event: 1.364 GC heap after
{Heap after GC invocations=6 (full 0):
 garbage-first heap   total reserved 4124672K, committed 51200K, used 13470K [0x0000000704400000, 0x0000000800000000)
  region size 2048K, 2 young (4096K), 2 survivors (4096K)
 Metaspace       used 22773K, committed 23040K, reserved 1114112K
  class space    used 2573K, committed 2688K, reserved 1048576K
}
Event: 1.563 GC heap before
{Heap before GC invocations=7 (full 0):
 garbage-first heap   total reserved 4124672K, committed 51200K, used 35998K [0x0000000704400000, 0x0000000800000000)
  region size 2048K, 13 young (26624K), 2 survivors (4096K)
 Metaspace       used 26161K, committed 26560K, reserved 1114112K
  class space    used 2972K, committed 3136K, reserved 1048576K
}
Event: 1.566 GC heap after
{Heap after GC invocations=8 (full 0):
 garbage-first heap   total reserved 4124672K, committed 51200K, used 15325K [0x0000000704400000, 0x0000000800000000)
  region size 2048K, 2 young (4096K), 2 survivors (4096K)
 Metaspace       used 26161K, committed 26560K, reserved 1114112K
  class space    used 2972K, committed 3136K, reserved 1048576K
}
Event: 1.798 GC heap before
{Heap before GC invocations=8 (full 0):
 garbage-first heap   total reserved 4124672K, committed 51200K, used 37853K [0x0000000704400000, 0x0000000800000000)
  region size 2048K, 13 young (26624K), 2 survivors (4096K)
 Metaspace       used 29058K, committed 29504K, reserved 1114112K
  class space    used 3318K, committed 3520K, reserved 1048576K
}
Event: 1.801 GC heap after
{Heap after GC invocations=9 (full 0):
 garbage-first heap   total reserved 4124672K, committed 51200K, used 17244K [0x0000000704400000, 0x0000000800000000)
  region size 2048K, 2 young (4096K), 2 survivors (4096K)
 Metaspace       used 29058K, committed 29504K, reserved 1114112K
  class space    used 3318K, committed 3520K, reserved 1048576K
}
Event: 2.096 GC heap before
{Heap before GC invocations=9 (full 0):
 garbage-first heap   total reserved 4124672K, committed 51200K, used 37724K [0x0000000704400000, 0x0000000800000000)
  region size 2048K, 13 young (26624K), 2 survivors (4096K)
 Metaspace       used 33439K, committed 33920K, reserved 1114112K
  class space    used 3767K, committed 3968K, reserved 1048576K
}
Event: 2.099 GC heap after
{Heap after GC invocations=10 (full 0):
 garbage-first heap   total reserved 4124672K, committed 155648K, used 19296K [0x0000000704400000, 0x0000000800000000)
  region size 2048K, 2 young (4096K), 2 survivors (4096K)
 Metaspace       used 33439K, committed 33920K, reserved 1114112K
  class space    used 3767K, committed 3968K, reserved 1048576K
}
Event: 2.323 GC heap before
{Heap before GC invocations=10 (full 0):
 garbage-first heap   total reserved 4124672K, committed 155648K, used 25440K [0x0000000704400000, 0x0000000800000000)
  region size 2048K, 6 young (12288K), 2 survivors (4096K)
 Metaspace       used 38197K, committed 38656K, reserved 1114112K
  class space    used 4286K, committed 4480K, reserved 1048576K
}
Event: 2.327 GC heap after
{Heap after GC invocations=11 (full 0):
 garbage-first heap   total reserved 4124672K, committed 155648K, used 20701K [0x0000000704400000, 0x0000000800000000)
  region size 2048K, 3 young (6144K), 3 survivors (6144K)
 Metaspace       used 38197K, committed 38656K, reserved 1114112K
  class space    used 4286K, committed 4480K, reserved 1048576K
}
Event: 645.274 GC heap before
{Heap before GC invocations=12 (full 0):
 garbage-first heap   total reserved 4124672K, committed 75776K, used 57565K [0x0000000704400000, 0x0000000800000000)
  region size 2048K, 22 young (45056K), 3 survivors (6144K)
 Metaspace       used 41972K, committed 42560K, reserved 1114112K
  class space    used 4697K, committed 4928K, reserved 1048576K
}
Event: 645.278 GC heap after
{Heap after GC invocations=13 (full 0):
 garbage-first heap   total reserved 4124672K, committed 75776K, used 24018K [0x0000000704400000, 0x0000000800000000)
  region size 2048K, 3 young (6144K), 3 survivors (6144K)
 Metaspace       used 41972K, committed 42560K, reserved 1114112K
  class space    used 4697K, committed 4928K, reserved 1048576K
}

Dll operation events (12 events):
Event: 0.009 Loaded shared library C:\Users\vssor\.jdks\openjdk-24.0.1\bin\java.dll
Event: 0.076 Loaded shared library C:\Users\vssor\.jdks\openjdk-24.0.1\bin\zip.dll
Event: 0.078 Loaded shared library C:\Users\vssor\.jdks\openjdk-24.0.1\bin\instrument.dll
Event: 0.082 Loaded shared library C:\Users\vssor\.jdks\openjdk-24.0.1\bin\net.dll
Event: 0.084 Loaded shared library C:\Users\vssor\.jdks\openjdk-24.0.1\bin\nio.dll
Event: 0.086 Loaded shared library C:\Users\vssor\.jdks\openjdk-24.0.1\bin\zip.dll
Event: 0.123 Loaded shared library C:\Users\vssor\.jdks\openjdk-24.0.1\bin\jimage.dll
Event: 0.136 Loaded shared library C:\Users\vssor\.jdks\openjdk-24.0.1\bin\extnet.dll
Event: 0.145 Loaded shared library C:\Users\vssor\.jdks\openjdk-24.0.1\bin\management.dll
Event: 0.152 Loaded shared library C:\Users\vssor\.jdks\openjdk-24.0.1\bin\management_ext.dll
Event: 0.927 Loaded shared library C:\Users\vssor\.jdks\openjdk-24.0.1\bin\sunmscapi.dll
Event: 803.362 Loaded shared library C:\Users\vssor\AppData\Local\Temp\idea_libasyncProfiler_dll_temp_folder\libasyncProfiler.dll

Deoptimization events (0 events):
No events

Classes loaded (20 events):
Event: 803.448 Loading class jdk/jfr/internal/MetadataWriter
Event: 803.448 Loading class jdk/jfr/internal/MetadataWriter done
Event: 803.448 Loading class jdk/jfr/internal/MetadataDescriptor$Element
Event: 803.448 Loading class jdk/jfr/internal/MetadataDescriptor$Element done
Event: 803.448 Loading class jdk/jfr/internal/MetadataDescriptor$Attribute
Event: 803.448 Loading class jdk/jfr/internal/MetadataDescriptor$Attribute done
Event: 803.451 Loading class jdk/jfr/internal/consumer/StringParser$Encoding
Event: 803.452 Loading class jdk/jfr/internal/consumer/StringParser$Encoding done
Event: 803.456 Loading class jdk/jfr/internal/consumer/RepositoryFiles
Event: 803.457 Loading class jdk/jfr/internal/consumer/RepositoryFiles done
Event: 803.461 Loading class jdk/jfr/internal/SettingsManager$InternalSetting
Event: 803.461 Loading class jdk/jfr/internal/SettingsManager$InternalSetting done
Event: 803.461 Loading class jdk/jfr/internal/util/Rate
Event: 803.461 Loading class jdk/jfr/internal/util/Rate done
Event: 803.462 Loading class jdk/jfr/internal/util/TimespanUnit
Event: 803.462 Loading class jdk/jfr/internal/util/TimespanUnit done
Event: 803.462 Loading class jdk/jfr/internal/util/ValueParser
Event: 803.462 Loading class jdk/jfr/internal/util/ValueParser done
Event: 803.462 Loading class jdk/jfr/internal/periodic/PeriodicType
Event: 803.462 Loading class jdk/jfr/internal/periodic/PeriodicType done

Classes unloaded (0 events):
No events

Classes redefined (0 events):
No events

Internal exceptions (20 events):
Event: 1.924 Thread 0x00000235e5486ca0 Exception <a 'java/lang/NoSuchMethodError'{0x0000000712e6aa28}: 'java.lang.Object java.lang.invoke.DirectMethodHandle$Holder.invokeSpecial(java.lang.Object, java.lang.Object, java.lang.Object, java.lang.Object, java.lang.Object, long)'> (0x0000000712e6aa28) 
thrown [s\open\src\hotspot\share\interpreter\linkResolver.cpp, line 805]
Event: 1.924 Thread 0x00000235e5486ca0 Exception <a 'java/lang/NoSuchMethodError'{0x0000000712e73348}: 'java.lang.Object java.lang.invoke.DirectMethodHandle$Holder.invokeSpecial(java.lang.Object, java.lang.Object, java.lang.Object, java.lang.Object, java.lang.Object, java.lang.Object, long)'> (0x0000000712e73348) 
thrown [s\open\src\hotspot\share\interpreter\linkResolver.cpp, line 805]
Event: 1.924 Thread 0x00000235e5486ca0 Exception <a 'java/lang/NoSuchMethodError'{0x0000000712e7b6f8}: 'java.lang.Object java.lang.invoke.DelegatingMethodHandle$Holder.reinvoke_L(java.lang.Object, java.lang.Object, java.lang.Object, java.lang.Object, java.lang.Object, long)'> (0x0000000712e7b6f8) 
thrown [s\open\src\hotspot\share\interpreter\linkResolver.cpp, line 805]
Event: 1.924 Thread 0x00000235e5486ca0 Exception <a 'java/lang/NoSuchMethodError'{0x0000000712e87aa8}: 'java.lang.Object java.lang.invoke.Invokers$Holder.linkToTargetMethod(java.lang.Object, java.lang.Object, java.lang.Object, long, java.lang.Object)'> (0x0000000712e87aa8) 
thrown [s\open\src\hotspot\share\interpreter\linkResolver.cpp, line 805]
Event: 1.949 Thread 0x00000235e5486ca0 Exception <a 'java/lang/NoSuchMethodError'{0x00000007068282f8}: 'int java.lang.invoke.DirectMethodHandle$Holder.invokeVirtual(java.lang.Object, java.lang.Object, java.lang.Object)'> (0x00000007068282f8) 
thrown [s\open\src\hotspot\share\interpreter\linkResolver.cpp, line 805]
Event: 1.966 Thread 0x00000235e5486ca0 Exception <a 'java/lang/NoSuchMethodError'{0x00000007069dbc50}: 'int java.lang.invoke.Invokers$Holder.invokeExact_MT(java.lang.Object, java.lang.Object)'> (0x00000007069dbc50) 
thrown [s\open\src\hotspot\share\interpreter\linkResolver.cpp, line 805]
Event: 2.089 Thread 0x00000235e4626a90 Exception <a 'java/lang/NoSuchMethodError'{0x000000070612ffb0}: 'java.lang.Object java.lang.invoke.DirectMethodHandle$Holder.invokeInterface(java.lang.Object, java.lang.Object, java.lang.Object, java.lang.Object, java.lang.Object, java.lang.Object, java.lang.Object)'> (0x000000070612ffb0) 
thrown [s\open\src\hotspot\share\interpreter\linkResolver.cpp, line 805]
Event: 2.091 Thread 0x00000235e4626a90 Exception <a 'java/lang/NoSuchMethodError'{0x00000007061924a0}: 'java.lang.Object java.lang.invoke.DirectMethodHandle$Holder.invokeStatic(java.lang.Object, java.lang.Object, java.lang.Object, java.lang.Object, java.lang.Object, java.lang.Object, java.lang.Object, java.lang.Object, java.lang.Object, java.lang.Object)'> (0x00000007061924a0) 
thrown [s\open\src\hotspot\share\interpreter\linkResolver.cpp, line 805]
Event: 2.140 Thread 0x00000235e5486ca0 Exception <a 'sun/nio/fs/WindowsException'{0x0000000713ebfa38}> (0x0000000713ebfa38) 
thrown [s\open\src\hotspot\share\prims\jni.cpp, line 518]
Event: 2.327 Thread 0x00000235e5486ca0 Exception <a 'java/lang/NoSuchMethodError'{0x00000007ffe00820}: 'java.lang.Object java.lang.invoke.Invokers$Holder.invoke_MT(java.lang.Object, java.lang.Object, java.lang.Object, java.lang.Object, java.lang.Object, java.lang.Object)'> (0x00000007ffe00820) 
thrown [s\open\src\hotspot\share\interpreter\linkResolver.cpp, line 805]
Event: 2.529 Thread 0x00000235e5486ca0 Exception <a 'java/lang/NoSuchMethodError'{0x00000007fffee010}: 'java.lang.Object java.lang.invoke.DirectMethodHandle$Holder.invokeStaticInit(java.lang.Object, java.lang.Object, java.lang.Object, java.lang.Object)'> (0x00000007fffee010) 
thrown [s\open\src\hotspot\share\interpreter\linkResolver.cpp, line 805]
Event: 2.711 Thread 0x00000235e5486ca0 Exception <a 'java/io/IOException'{0x00000007079089c0}> (0x00000007079089c0) 
thrown [s\open\src\hotspot\share\prims\jni.cpp, line 518]
Event: 9.466 Thread 0x00000235e548b5c0 Exception <a 'java/lang/NoSuchMethodError'{0x00000007075a56b0}: 'java.lang.Object java.lang.invoke.DirectMethodHandle$Holder.invokeVirtual(java.lang.Object, java.lang.Object, java.lang.Object, java.lang.Object, java.lang.Object, java.lang.Object, java.lang.Object, java.lang.Object)'> (0x00000007075a56b0) 
thrown [s\open\src\hotspot\share\interpreter\linkResolver.cpp, line 805]
Event: 803.397 Thread 0x000002359e4f7170 Exception <a 'java/lang/NoSuchMethodError'{0x0000000712ecb470}: 'void java.lang.invoke.DirectMethodHandle$Holder.invokeStaticInit(java.lang.Object)'> (0x0000000712ecb470) 
thrown [s\open\src\hotspot\share\interpreter\linkResolver.cpp, line 805]
Event: 803.439 Thread 0x000002359e4f7170 Exception <a 'java/lang/NoSuchMethodError'{0x000000070827a138}: 'void java.lang.invoke.DirectMethodHandle$Holder.invokeSpecial(java.lang.Object, java.lang.Object, int)'> (0x000000070827a138) 
thrown [s\open\src\hotspot\share\interpreter\linkResolver.cpp, line 805]
Event: 803.439 Thread 0x000002359e4f7170 Exception <a 'java/lang/NoSuchMethodError'{0x000000070827dd48}: 'void java.lang.invoke.Invokers$Holder.invokeExact_MT(java.lang.Object, int, java.lang.Object)'> (0x000000070827dd48) 
thrown [s\open\src\hotspot\share\interpreter\linkResolver.cpp, line 805]
Event: 803.440 Thread 0x000002359e4f7170 Exception <a 'java/lang/NoSuchMethodError'{0x00000007082a38e0}: 'java.lang.Object java.lang.invoke.DirectMethodHandle$Holder.newInvokeSpecial(java.lang.Object, java.lang.Object, int)'> (0x00000007082a38e0) 
thrown [s\open\src\hotspot\share\interpreter\linkResolver.cpp, line 805]
Event: 803.443 Thread 0x000002359e4f7170 Exception <a 'sun/nio/fs/WindowsException'{0x00000007082e8b50}> (0x00000007082e8b50) 
thrown [s\open\src\hotspot\share\prims\jni.cpp, line 518]
Event: 803.444 Thread 0x000002359e4f7170 Exception <a 'sun/nio/fs/WindowsException'{0x00000007082f5918}> (0x00000007082f5918) 
thrown [s\open\src\hotspot\share\prims\jni.cpp, line 518]
Event: 803.446 Thread 0x000002359e4f7170 Exception <a 'sun/nio/fs/WindowsException'{0x00000007083075e8}> (0x00000007083075e8) 
thrown [s\open\src\hotspot\share\prims\jni.cpp, line 518]

VM Operations (20 events):
Event: 2.289 Executing VM operation: HandshakeAllThreads (Deoptimize)
Event: 2.289 Executing VM operation: HandshakeAllThreads (Deoptimize) done
Event: 2.323 Executing VM operation: CollectForMetadataAllocation (Metadata GC Threshold)
Event: 2.327 Executing VM operation: CollectForMetadataAllocation (Metadata GC Threshold) done
Event: 2.333 Executing VM operation: G1PauseRemark
Event: 2.336 Executing VM operation: G1PauseRemark done
Event: 2.338 Executing VM operation: G1PauseCleanup
Event: 2.338 Executing VM operation: G1PauseCleanup done
Event: 2.534 Executing VM operation: HandshakeAllThreads (Deoptimize)
Event: 2.534 Executing VM operation: HandshakeAllThreads (Deoptimize) done
Event: 2.541 Executing VM operation: HandshakeAllThreads (Deoptimize)
Event: 2.541 Executing VM operation: HandshakeAllThreads (Deoptimize) done
Event: 60.027 Executing VM operation: HandshakeAllThreads (HandshakeForDeflation)
Event: 60.028 Executing VM operation: HandshakeAllThreads (HandshakeForDeflation) done
Event: 60.028 Executing VM operation: RendezvousGCThreads
Event: 60.028 Executing VM operation: RendezvousGCThreads done
Event: 645.274 Executing VM operation: G1CollectForAllocation (G1 Evacuation Pause)
Event: 645.278 Executing VM operation: G1CollectForAllocation (G1 Evacuation Pause) done
Event: 803.457 Executing VM operation: JFRSafepointClear
Event: 803.457 Executing VM operation: JFRSafepointClear done

Memory protections (0 events):
No events

Nmethod flushes (20 events):
Event: 2.335 Thread 0x000002359e3a0d70 flushing  nmethod 0x0000023593877008
Event: 2.335 Thread 0x000002359e3a0d70 flushing  nmethod 0x0000023593381a08
Event: 2.335 Thread 0x000002359e3a0d70 flushing  nmethod 0x0000023593383708
Event: 2.335 Thread 0x000002359e3a0d70 flushing  nmethod 0x0000023593500a88
Event: 2.335 Thread 0x000002359e3a0d70 flushing  nmethod 0x0000023593887f08
Event: 2.335 Thread 0x000002359e3a0d70 flushing  nmethod 0x00000235938b1f08
Event: 2.335 Thread 0x000002359e3a0d70 flushing  nmethod 0x00000235938e8888
Event: 2.335 Thread 0x000002359e3a0d70 flushing  nmethod 0x00000235932c5108
Event: 2.335 Thread 0x000002359e3a0d70 flushing  nmethod 0x0000023593581e08
Event: 2.335 Thread 0x000002359e3a0d70 flushing  nmethod 0x000002359380ad08
Event: 2.335 Thread 0x000002359e3a0d70 flushing  nmethod 0x000002359341a688
Event: 2.335 Thread 0x000002359e3a0d70 flushing  nmethod 0x000002359341af88
Event: 2.335 Thread 0x000002359e3a0d70 flushing  nmethod 0x0000023593479e88
Event: 2.335 Thread 0x000002359e3a0d70 flushing  nmethod 0x00000235937f7188
Event: 2.335 Thread 0x000002359e3a0d70 flushing  nmethod 0x0000023593817488
Event: 2.335 Thread 0x000002359e3a0d70 flushing  nmethod 0x0000023593464f88
Event: 2.335 Thread 0x000002359e3a0d70 flushing  nmethod 0x00000235937f9f88
Event: 2.335 Thread 0x000002359e3a0d70 flushing  nmethod 0x00000235935b0188
Event: 2.335 Thread 0x000002359e3a0d70 flushing  nmethod 0x00000235938b7288
Event: 2.335 Thread 0x000002359e3a0d70 flushing  nmethod 0x00000235938b7c88

Events (20 events):
Event: 64.668 Thread 0x00000235e403ad80 Thread exited: 0x00000235e403ad80
Event: 66.728 Thread 0x000002359e4fc870 Thread added: 0x00000235e4429360
Event: 68.830 Thread 0x00000235e4429360 Thread exited: 0x00000235e4429360
Event: 74.135 Thread 0x000002359e4fc870 Thread added: 0x000002359ea54bd0
Event: 76.235 Thread 0x000002359ea54bd0 Thread added: 0x00000235e4436d40
Event: 76.235 Thread 0x000002359ea54bd0 Thread added: 0x00000235e4437ce0
Event: 77.253 Thread 0x00000235e4437ce0 Thread exited: 0x00000235e4437ce0
Event: 78.343 Thread 0x00000235e4436d40 Thread exited: 0x00000235e4436d40
Event: 78.343 Thread 0x000002359ea54bd0 Thread exited: 0x000002359ea54bd0
Event: 200.907 Thread 0x000002359e4fc870 Thread added: 0x00000235e440f2d0
Event: 206.544 Thread 0x00000235e440f2d0 Thread exited: 0x00000235e440f2d0
Event: 302.109 Thread 0x00000235e461cfa0 Thread added: 0x00000235e548d300
Event: 390.519 Thread 0x00000235e4626a90 Thread exited: 0x00000235e4626a90
Event: 602.117 Thread 0x00000235e461cfa0 Thread added: 0x00000235e44cadc0
Event: 690.702 Thread 0x00000235e548d300 Thread exited: 0x00000235e548d300
Event: 803.394 Thread 0x000002359e4f7170 Thread added: 0x00000235e44cb510
Event: 803.421 Thread 0x000002359e4fc870 Thread added: 0x00000235e68ffe60
Event: 803.421 Thread 0x000002359e4fc870 Thread added: 0x00000235e69005f0
Event: 803.421 Thread 0x000002359e4fc870 Thread added: 0x00000235e6900d80
Event: 803.441 Thread 0x000002359e4f7170 Thread added: 0x00000235e44cbc60


Dynamic libraries:
0x00007ff7d9a40000 - 0x00007ff7d9a4e000 	C:\Users\vssor\.jdks\openjdk-24.0.1\bin\java.exe
0x00007fff10940000 - 0x00007fff10ba0000 	C:\WINDOWS\SYSTEM32\ntdll.dll
0x00007fff0ff40000 - 0x00007fff10007000 	C:\WINDOWS\System32\KERNEL32.DLL
0x00007fff0ddb0000 - 0x00007fff0e17a000 	C:\WINDOWS\System32\KERNELBASE.dll
0x00007fff0db20000 - 0x00007fff0dc6b000 	C:\WINDOWS\System32\ucrtbase.dll
0x00007fff04170000 - 0x00007fff0418b000 	C:\Users\vssor\.jdks\openjdk-24.0.1\bin\VCRUNTIME140.dll
0x00007fff04190000 - 0x00007fff041a6000 	C:\Users\vssor\.jdks\openjdk-24.0.1\bin\jli.dll
0x00007fff0ef50000 - 0x00007fff0f11c000 	C:\WINDOWS\System32\USER32.dll
0x00007fff0e710000 - 0x00007fff0e737000 	C:\WINDOWS\System32\win32u.dll
0x00007fff108d0000 - 0x00007fff108fa000 	C:\WINDOWS\System32\GDI32.dll
0x00007fff0e470000 - 0x00007fff0e5a1000 	C:\WINDOWS\System32\gdi32full.dll
0x00007fff0dc70000 - 0x00007fff0dd13000 	C:\WINDOWS\System32\msvcp_win.dll
0x00007ffeeba60000 - 0x00007ffeebcf7000 	C:\WINDOWS\WinSxS\amd64_microsoft.windows.common-controls_6595b64144ccf1df_6.0.26100.3624_none_3e086962e3345f24\COMCTL32.dll
0x00007fff0ea10000 - 0x00007fff0eab9000 	C:\WINDOWS\System32\msvcrt.dll
0x00007fff10410000 - 0x00007fff1043f000 	C:\WINDOWS\System32\IMM32.DLL
0x00007fff04130000 - 0x00007fff0413c000 	C:\Users\vssor\.jdks\openjdk-24.0.1\bin\vcruntime140_1.dll
0x00007fff040a0000 - 0x00007fff0412e000 	C:\Users\vssor\.jdks\openjdk-24.0.1\bin\msvcp140.dll
0x00007ffe89060000 - 0x00007ffe89e02000 	C:\Users\vssor\.jdks\openjdk-24.0.1\bin\server\jvm.dll
0x00007fff0ee50000 - 0x00007fff0ef02000 	C:\WINDOWS\System32\ADVAPI32.dll
0x00007fff0fe90000 - 0x00007fff0ff36000 	C:\WINDOWS\System32\sechost.dll
0x00007fff0f5e0000 - 0x00007fff0f6f6000 	C:\WINDOWS\System32\RPCRT4.dll
0x00007fff10390000 - 0x00007fff10404000 	C:\WINDOWS\System32\WS2_32.dll
0x00007fff00d60000 - 0x00007fff00d96000 	C:\WINDOWS\SYSTEM32\WINMM.dll
0x00007ffef9ce0000 - 0x00007ffef9ceb000 	C:\WINDOWS\SYSTEM32\VERSION.dll
0x00007fff0c760000 - 0x00007fff0c7be000 	C:\WINDOWS\SYSTEM32\POWRPROF.dll
0x00007fff0c740000 - 0x00007fff0c754000 	C:\WINDOWS\SYSTEM32\UMPDC.dll
0x00007fff0ca20000 - 0x00007fff0ca3a000 	C:\WINDOWS\SYSTEM32\kernel.appcore.dll
0x00007fff008d0000 - 0x00007fff008da000 	C:\Users\vssor\.jdks\openjdk-24.0.1\bin\jimage.dll
0x00007fff0b450000 - 0x00007fff0b691000 	C:\WINDOWS\SYSTEM32\DBGHELP.DLL
0x00007fff0eac0000 - 0x00007fff0ee42000 	C:\WINDOWS\System32\combase.dll
0x00007fff10500000 - 0x00007fff105d6000 	C:\WINDOWS\System32\OLEAUT32.dll
0x00007ffef09d0000 - 0x00007ffef0a09000 	C:\WINDOWS\SYSTEM32\dbgcore.DLL
0x00007fff0e670000 - 0x00007fff0e709000 	C:\WINDOWS\System32\bcryptPrimitives.dll
0x00007fff05090000 - 0x00007fff0509f000 	C:\Users\vssor\.jdks\openjdk-24.0.1\bin\instrument.dll
0x00007ffefc370000 - 0x00007ffefc38e000 	C:\Users\vssor\.jdks\openjdk-24.0.1\bin\java.dll
0x00007fff10060000 - 0x00007fff101f6000 	C:\WINDOWS\System32\ole32.dll
0x00007fff0f760000 - 0x00007fff0fe89000 	C:\WINDOWS\System32\SHELL32.dll
0x00007fff0e180000 - 0x00007fff0e2e8000 	C:\WINDOWS\System32\wintypes.dll
0x00007fff0b7a0000 - 0x00007fff0bff2000 	C:\WINDOWS\SYSTEM32\windows.storage.dll
0x00007fff10200000 - 0x00007fff102ed000 	C:\WINDOWS\System32\SHCORE.dll
0x00007fff0e9a0000 - 0x00007fff0ea04000 	C:\WINDOWS\System32\shlwapi.dll
0x00007fff0da30000 - 0x00007fff0da5f000 	C:\WINDOWS\SYSTEM32\profapi.dll
0x00007ffe8ac10000 - 0x00007ffe8ac27000 	C:\Users\vssor\.jdks\openjdk-24.0.1\bin\zip.dll
0x00007fff008c0000 - 0x00007fff008d0000 	C:\Users\vssor\.jdks\openjdk-24.0.1\bin\net.dll
0x00007fff0cf20000 - 0x00007fff0cf8a000 	C:\WINDOWS\system32\mswsock.dll
0x00007ffe8ed50000 - 0x00007ffe8ed66000 	C:\Users\vssor\.jdks\openjdk-24.0.1\bin\nio.dll
0x00007fff0c480000 - 0x00007fff0c5a5000 	C:\WINDOWS\SYSTEM32\DNSAPI.dll
0x00007fff0c440000 - 0x00007fff0c473000 	C:\WINDOWS\SYSTEM32\IPHLPAPI.DLL
0x00007fff0f5d0000 - 0x00007fff0f5da000 	C:\WINDOWS\System32\NSI.dll
0x00007fff044c0000 - 0x00007fff044cb000 	C:\Windows\System32\rasadhlp.dll
0x00007fff04c40000 - 0x00007fff04cc5000 	C:\WINDOWS\System32\fwpuclnt.dll
0x00007fff008b0000 - 0x00007fff008b9000 	C:\Users\vssor\.jdks\openjdk-24.0.1\bin\extnet.dll
0x00007fff05000000 - 0x00007fff0500a000 	C:\Users\vssor\.jdks\openjdk-24.0.1\bin\management.dll
0x00007fff04ff0000 - 0x00007fff04ffb000 	C:\Users\vssor\.jdks\openjdk-24.0.1\bin\management_ext.dll
0x00007fff0ef10000 - 0x00007fff0ef18000 	C:\WINDOWS\System32\PSAPI.DLL
0x00007fff0d1b0000 - 0x00007fff0d1cc000 	C:\WINDOWS\SYSTEM32\CRYPTSP.dll
0x00007fff0c980000 - 0x00007fff0c9ba000 	C:\WINDOWS\system32\rsaenh.dll
0x00007fff0cfc0000 - 0x00007fff0cfeb000 	C:\WINDOWS\SYSTEM32\USERENV.dll
0x00007fff0da00000 - 0x00007fff0da26000 	C:\WINDOWS\SYSTEM32\bcrypt.dll
0x00007fff0d1d0000 - 0x00007fff0d1dc000 	C:\WINDOWS\SYSTEM32\CRYPTBASE.dll
0x00007ffeeb940000 - 0x00007ffeeb958000 	C:\WINDOWS\system32\napinsp.dll
0x00007ffeeb4d0000 - 0x00007ffeeb4e2000 	C:\WINDOWS\System32\winrnr.dll
0x00007ffee71a0000 - 0x00007ffee71b6000 	C:\WINDOWS\system32\wshbth.dll
0x00007ffee7080000 - 0x00007ffee70b0000 	C:\WINDOWS\system32\nlansp_c.dll
0x00007ffeee640000 - 0x00007ffeee68e000 	C:\WINDOWS\SYSTEM32\pdh.dll
0x00007fff050a0000 - 0x00007fff050b2000 	C:\WINDOWS\System32\perfproc.dll
0x00007ffe89e10000 - 0x00007ffe89e1e000 	C:\Users\vssor\.jdks\openjdk-24.0.1\bin\sunmscapi.dll
0x00007fff0e2f0000 - 0x00007fff0e467000 	C:\WINDOWS\System32\CRYPT32.dll
0x00007fff0d410000 - 0x00007fff0d440000 	C:\WINDOWS\SYSTEM32\ncrypt.dll
0x00007fff0d3c0000 - 0x00007fff0d3ff000 	C:\WINDOWS\SYSTEM32\NTASN1.dll
0x00007ffed7d50000 - 0x00007ffed7d58000 	C:\WINDOWS\system32\wshunix.dll
0x00007ffeab7d0000 - 0x00007ffeab9c8000 	C:\Users\vssor\AppData\Local\Temp\idea_libasyncProfiler_dll_temp_folder\libasyncProfiler.dll

JVMTI agents:
C:\Users\vssor\AppData\Local\JetBrains\IntelliJ IDEA 2025.1\lib\idea_rt.jar path:C:\Users\vssor\.jdks\openjdk-24.0.1\bin\instrument.dll, loaded, initialized, instrumentlib options:63090

dbghelp: loaded successfully - version: 4.0.5 - missing functions: none
symbol engine: initialized successfully - sym options: 0x614 - pdb path: .;C:\Users\vssor\.jdks\openjdk-24.0.1\bin;C:\WINDOWS\SYSTEM32;C:\WINDOWS\WinSxS\amd64_microsoft.windows.common-controls_6595b64144ccf1df_6.0.26100.3624_none_3e086962e3345f24;C:\Users\vssor\.jdks\openjdk-24.0.1\bin\server;C:\Users\vssor\AppData\Local\Temp\idea_libasyncProfiler_dll_temp_folder

VM Arguments:
jvm_args: -XX:TieredStopAtLevel=1 -Dspring.output.ansi.enabled=always -Dcom.sun.management.jmxremote -Dspring.jmx.enabled=true -Dspring.liveBeansView.mbeanDomain -Dspring.application.admin.enabled=true -Dmanagement.endpoints.jmx.exposure.include=* -javaagent:C:\Users\vssor\AppData\Local\JetBrains\IntelliJ IDEA 2025.1\lib\idea_rt.jar=63090 -Dfile.encoding=UTF-8 -Dsun.stdout.encoding=UTF-8 -Dsun.stderr.encoding=UTF-8 
java_command: org.example.bilabonnement.BilAbonnementApplication
java_class_path (initial): C:\Users\vssor\Dropbox\Skole\KEA\Datamatiker\Semester 2\Eksamen\BilAbonnement\target\classes;C:\Users\vssor\.m2\repository\org\springframework\boot\spring-boot-starter-jdbc\3.4.5\spring-boot-starter-jdbc-3.4.5.jar;C:\Users\vssor\.m2\repository\org\springframework\boot\spring-boot-starter\3.4.5\spring-boot-starter-3.4.5.jar;C:\Users\vssor\.m2\repository\org\springframework\boot\spring-boot\3.4.5\spring-boot-3.4.5.jar;C:\Users\vssor\.m2\repository\org\springframework\boot\spring-boot-autoconfigure\3.4.5\spring-boot-autoconfigure-3.4.5.jar;C:\Users\vssor\.m2\repository\org\springframework\boot\spring-boot-starter-logging\3.4.5\spring-boot-starter-logging-3.4.5.jar;C:\Users\vssor\.m2\repository\ch\qos\logback\logback-classic\1.5.18\logback-classic-1.5.18.jar;C:\Users\vssor\.m2\repository\ch\qos\logback\logback-core\1.5.18\logback-core-1.5.18.jar;C:\Users\vssor\.m2\repository\org\apache\logging\log4j\log4j-to-slf4j\2.24.3\log4j-to-slf4j-2.24.3.jar;C:\Users\vssor\.m2\repository\org\apache\logging\log4j\log4j-api\2.24.3\log4j-api-2.24.3.jar;C:\Users\vssor\.m2\repository\org\slf4j\jul-to-slf4j\2.0.17\jul-to-slf4j-2.0.17.jar;C:\Users\vssor\.m2\repository\jakarta\annotation\jakarta.annotation-api\2.1.1\jakarta.annotation-api-2.1.1.jar;C:\Users\vssor\.m2\repository\org\yaml\snakeyaml\2.3\snakeyaml-2.3.jar;C:\Users\vssor\.m2\repository\com\zaxxer\HikariCP\5.1.0\HikariCP-5.1.0.jar;C:\Users\vssor\.m2\repository\org\slf4j\slf4j-api\2.0.17\slf4j-api-2.0.17.jar;C:\Users\vssor\.m2\repository\org\springframework\spring-jdbc\6.2.6\spring-jdbc-6.2.6.jar;C:\Users\vssor\.m2\repository\org\springframework\spring-beans\6.2.6\spring-beans-6.2.6.jar;C:\Users\vssor\.m2\repository\org\springframework\spring-tx\6.2.6\spring-tx-6.2.6.jar;C:\Users\vssor\.m2\repository\org\springframework\boot\spring-boot-starter-thymeleaf\3.4.5\spring-boot-starter-thymeleaf-3.4.5.jar;C:\Users\vssor\.m2\repository\org\thymeleaf\thymeleaf-spring6\3.1.3.RELEASE\thymeleaf-spring6-3.1.3.RELEASE.jar;C:\Users\vssor\.m2\repository\org\thymeleaf\thymeleaf\3.1.3.RELEASE\thymeleaf-3.1.3.RELEASE.jar;C:\Users\vssor\.m2\repository\org\attoparser\attoparser\2.0.7.RELEASE\attoparser-2.0.7.RELEASE.jar;C:\Users\vssor\.m2\repository\org\unbescape\unbescape\1.1.6.RELEASE\unbescape-1.1.6.RELEASE.jar;C:\Users\vssor\.m2\repository\org\springframework\boot\spring-boot-starter-web\3.4.5\spring-boot-starter-web-3.4.5.jar;C:\Users\vssor\.m2\repository\org\springframework\boot\spring-boot-starter-json\3.4.5\spring-boot-starter-json-3.4.5.jar;C:\Users\vssor\.m2\repository\com\fasterxml\jackson\core\jackson-databind\2.18.3\jackson-databind-2.18.3.jar;C:\Users\vssor\.m2\repository\com\fasterxml\jackson\core\jackson-annotations\2.18.3\jackson-annotations-2.18.3.jar;C:\Users\vssor\.m2\repository\com\fasterxml\jackson\core\jackson-core\2.18.3\jackson-core-2.18.3.jar;C:\Users\vssor\.m2\repository\com\fasterxml\jackson\datatype\jackson-datatype-jdk8\2.18.3\jackson-datatype-jdk8-2.18.3.jar;C:\Users\vssor\.m2\repository\com\fasterxml\jackson\datatype\jackson-datatype-jsr310\2.18.3\jackson-datatype-jsr310-2.18.3.jar;C:\Users\vssor\.m2\repository\com\fasterxml\jackson\module\jackson-module-parameter-names\2.18.3\jackson-module-parameter-names-2.18.3.jar;C:\Users\vssor\.m2\repository\org\springframework\boot\spring-boot-starter-tomcat\3.4.5\spring-boot-starter-tomcat-3.4.5.jar;C:\Users\vssor\.m2\repository\org\apache\tomcat\embed\tomcat-embed-core\10.1.40\tomcat-embed-core-10.1.40.jar;C:\Users\vssor\.m2\repository\org\apache\tomcat\embed\tomcat-embed-el\10.1.40\tomcat-embed-el-10.1.40.jar;C:\Users\vssor\.m2\repository\org\apache\tomcat\embed\tomcat-embed-websocket\10.1.40\tomcat-embed-websocket-10.1.40.jar;C:\Users\vssor\.m2\repository\org\springframework\spring-web\6.2.6\spring-web-6.2.6.jar;C:\Users\vssor\.m2\repository\io\micrometer\micrometer-observation\1.14.6\micrometer-observation-1.14.6.jar;C:\Users\vssor\.m2\repository\io\micrometer\micrometer-commons\1.14.6\micrometer-commons-1.14.6.jar;C:\Users\vssor\.m2\repository\org\springframework\spring-webmvc\6.2.6\spring-webmvc-6.2.6.jar;C:\Users\vssor\.m2\repository\org\springframework\spring-aop\6.2.6\spring-aop-6.2.6.jar;C:\Users\vssor\.m2\repository\org\springframework\spring-context\6.2.6\spring-context-6.2.6.jar;C:\Users\vssor\.m2\repository\org\springframework\spring-expression\6.2.6\spring-expression-6.2.6.jar;C:\Users\vssor\.m2\repository\com\mysql\mysql-connector-j\9.1.0\mysql-connector-j-9.1.0.jar;C:\Users\vssor\.m2\repository\org\hamcrest\hamcrest\2.2\hamcrest-2.2.jar;C:\Users\vssor\.m2\repository\org\springframework\spring-core\6.2.6\spring-core-6.2.6.jar;C:\Users\vssor\.m2\repository\org\springframework\spring-jcl\6.2.6\spring-jcl-6.2.6.jar;C:\Users\vssor\.m2\repository\junit\junit\4.13.2\junit-4.13.2.jar;C:\Users\vssor\.m2\repository\org\hamcrest\hamcrest-core\2.2\hamcrest-core-2.2.jar
Launcher Type: SUN_STANDARD

[Global flags]
     intx CICompilerCount                          = 12                                        {product} {ergonomic}
     uint ConcGCThreads                            = 3                                         {product} {ergonomic}
     bool FlightRecorder                           = true                                      {product} {management}
     uint G1ConcRefinementThreads                  = 13                                        {product} {ergonomic}
   size_t G1HeapRegionSize                         = 2097152                                   {product} {ergonomic}
   size_t InitialHeapSize                          = 264241152                                 {product} {ergonomic}
     bool ManagementServer                         = true                                      {product} {command line}
   size_t MarkStackSize                            = 4194304                                   {product} {ergonomic}
   size_t MarkStackSizeMax                         = 536870912                                 {product} {ergonomic}
   size_t MaxHeapSize                              = 4223664128                                {product} {ergonomic}
   size_t MaxNewSize                               = 2533359616                                {product} {ergonomic}
   size_t MinHeapDeltaBytes                        = 2097152                                   {product} {ergonomic}
   size_t MinHeapSize                              = 8388608                                   {product} {ergonomic}
    uintx NonNMethodCodeHeapSize                   = 4096                                   {pd product} {ergonomic}
    uintx NonProfiledCodeHeapSize                  = 0                                      {pd product} {ergonomic}
     bool ProfileInterpreter                       = false                                  {pd product} {command line}
    uintx ProfiledCodeHeapSize                     = 0                                      {pd product} {ergonomic}
   size_t SoftMaxHeapSize                          = 4223664128                             {manageable} {ergonomic}
     intx TieredStopAtLevel                        = 1                                         {product} {command line}
     bool UseCompressedOops                        = true                           {product lp64_product} {ergonomic}
     bool UseG1GC                                  = true                                      {product} {ergonomic}
     bool UseLargePagesIndividualAllocation        = false                                  {pd product} {ergonomic}

Logging:
Log output configuration:
 #0: stdout all=warning uptime,level,tags foldmultilines=false
 #1: stderr all=off uptime,level,tags foldmultilines=false

Environment Variables:
PATH=C:\WINDOWS\system32;C:\WINDOWS;C:\WINDOWS\System32\Wbem;C:\WINDOWS\System32\WindowsPowerShell\v1.0\;C:\WINDOWS\System32\OpenSSH\;C:\Program Files\Git\cmd;C:\Users\vssor\AppData\Local\Programs\oh-my-posh\bin\;C:\Program Files\MySQL\MySQL Shell 8.0\bin\;C:\Users\vssor\AppData\Local\Microsoft\WindowsApps;C:\Users\vssor\AppData\Local\Programs\Microsoft VS Code\bin
USERNAME=vssor
OS=Windows_NT
PROCESSOR_IDENTIFIER=Intel64 Family 6 Model 154 Stepping 3, GenuineIntel
TMP=C:\Users\vssor\AppData\Local\Temp
TEMP=C:\Users\vssor\AppData\Local\Temp




Periodic native trim disabled

---------------  S Y S T E M  ---------------

OS:
 Windows 11 , 64 bit Build 26100 (10.0.26100.3775)
OS uptime: 1 days 21:54 hours
Hyper-V role detected

CPU: total 16 (initial active 16) (8 cores per cpu, 2 threads per core) family 6 model 154 stepping 3 microcode 0x41b, cx8, cmov, fxsr, ht, mmx, 3dnowpref, sse, sse2, sse3, ssse3, sse4.1, sse4.2, popcnt, lzcnt, tsc, tscinvbit, avx, avx2, aes, erms, clmul, bmi1, bmi2, adx, sha, fma, vzeroupper, clflush, clflushopt, clwb, hv, serialize, rdtscp, rdpid, fsrm, gfni, f16c, cet_ibt, cet_ss
Processor Information for processor 0
  Max Mhz: 2500, Current Mhz: 2500, Mhz Limit: 2500
Processor Information for processor 1
  Max Mhz: 2500, Current Mhz: 2500, Mhz Limit: 2500
Processor Information for processor 2
  Max Mhz: 2500, Current Mhz: 2500, Mhz Limit: 2500
Processor Information for processor 3
  Max Mhz: 2500, Current Mhz: 1532, Mhz Limit: 2500
Processor Information for processor 4
  Max Mhz: 2500, Current Mhz: 2500, Mhz Limit: 2500
Processor Information for processor 5
  Max Mhz: 2500, Current Mhz: 1532, Mhz Limit: 2500
Processor Information for processor 6
  Max Mhz: 2500, Current Mhz: 2500, Mhz Limit: 2500
Processor Information for processor 7
  Max Mhz: 2500, Current Mhz: 1532, Mhz Limit: 2500
Processor Information for processor 8
  Max Mhz: 1800, Current Mhz: 1800, Mhz Limit: 1800
Processor Information for processor 9
  Max Mhz: 1800, Current Mhz: 1800, Mhz Limit: 1800
Processor Information for processor 10
  Max Mhz: 1800, Current Mhz: 1800, Mhz Limit: 1800
Processor Information for processor 11
  Max Mhz: 1800, Current Mhz: 1500, Mhz Limit: 1800
Processor Information for processor 12
  Max Mhz: 1800, Current Mhz: 1800, Mhz Limit: 1800
Processor Information for processor 13
  Max Mhz: 1800, Current Mhz: 1800, Mhz Limit: 1800
Processor Information for processor 14
  Max Mhz: 1800, Current Mhz: 1800, Mhz Limit: 1800
Processor Information for processor 15
  Max Mhz: 1800, Current Mhz: 1800, Mhz Limit: 1800

Memory: 4k page, system-wide physical 16108M (2694M free)
TotalPageFile size 30444M (AvailPageFile size 6722M)
current process WorkingSet (physical memory assigned to process): 194M, peak: 194M
current process commit charge ("private bytes"): 274M, peak: 383M

vm_info: OpenJDK 64-Bit Server VM (24.0.1+9-30) for windows-amd64 JRE (24.0.1+9-30), built on 2025-03-05T07:23:45Z with MS VC++ 17.6 (VS2022)

END.
